\BOOKMARK [0][-]{chapter.1}{Le march\351 mon\351taire}{}% 1
\BOOKMARK [1][-]{section.1.1}{Qu'est ce que la monnaie?}{chapter.1}% 2
\BOOKMARK [2][-]{subsection.1.1.1}{Dimension politique: symbole de souverainet\351}{section.1.1}% 3
\BOOKMARK [2][-]{subsection.1.1.2}{Valeur de la monnaie: inverse du niveau des prix}{section.1.1}% 4
\BOOKMARK [1][-]{section.1.2}{Monnaie et th\351orie \351conomique}{chapter.1}% 5
\BOOKMARK [1][-]{section.1.3}{Syst\350me Mon\351taire International}{chapter.1}% 6
\BOOKMARK [2][-]{subsection.1.3.1}{Les r\351gimes de change aujourd'hui}{section.1.3}% 7
\BOOKMARK [1][-]{section.1.4}{L'euro, le dollar et le Yuan: trois monnaies concurrentes?}{chapter.1}% 8
\BOOKMARK [0][-]{chapter.2}{L'efficience des march\351s du travail}{}% 9
\BOOKMARK [1][-]{section.2.1}{Quelle norme pour le taux de ch\364mage}{chapter.2}% 10
\BOOKMARK [1][-]{section.2.2}{March\351 du travail: trois approches}{chapter.2}% 11
\BOOKMARK [1][-]{section.2.3}{Comparaison Europe \311tats Unis}{chapter.2}% 12
\BOOKMARK [0][-]{chapter.3}{La r\351duction du temps de travail}{}% 13
\BOOKMARK [1][-]{section.3.1}{Origines et acteurs principaux}{chapter.3}% 14
\BOOKMARK [1][-]{section.3.2}{Motivation et r\351percussions sur le ch\364mage}{chapter.3}% 15
\BOOKMARK [2][-]{subsection.3.2.1}{Chronologie}{section.3.2}% 16
\BOOKMARK [2][-]{subsection.3.2.2}{L'importance de la fa\347on dont ces mesures sont mises en place}{section.3.2}% 17
\BOOKMARK [2][-]{subsection.3.2.3}{L'importance du contexte historique et \351conomique}{section.3.2}% 18
\BOOKMARK [1][-]{section.3.3}{Critiques et comparaison}{chapter.3}% 19
\BOOKMARK [2][-]{subsection.3.3.1}{Critique des concepts abord\351s}{section.3.3}% 20
\BOOKMARK [2][-]{subsection.3.3.2}{Des objectifs qui ne sont pas atteints}{section.3.3}% 21
\BOOKMARK [2][-]{subsection.3.3.3}{Comparaison aux autres pays occidentaux}{section.3.3}% 22
\BOOKMARK [0][-]{chapter.4}{March\351s financiers}{}% 23
\BOOKMARK [1][-]{section.4.1}{Historique}{chapter.4}% 24
\BOOKMARK [1][-]{section.4.2}{L'essor des march\351s financiers}{chapter.4}% 25
\BOOKMARK [2][-]{subsection.4.2.1}{Les causes de cet essor\203}{section.4.2}% 26
\BOOKMARK [2][-]{subsection.4.2.2}{\203et les cons\351quences}{section.4.2}% 27
\BOOKMARK [2][-]{subsection.4.2.3}{Capitalisation boursi\350re mondiale}{section.4.2}% 28
\BOOKMARK [1][-]{section.4.3}{La signification \351conomique des variations d'un indice boursier}{chapter.4}% 29
\BOOKMARK [2][-]{subsection.4.3.1}{Quelques d\351finitions, l'exemple du CAC 40}{section.4.3}% 30
\BOOKMARK [2][-]{subsection.4.3.2}{Interpr\351tation de l'indice}{section.4.3}% 31
\BOOKMARK [1][-]{section.4.4}{Analyser les variations boursi\350res}{chapter.4}% 32
\BOOKMARK [2][-]{subsection.4.4.1}{La notion d'efficience informationnelle}{section.4.4}% 33
\BOOKMARK [2][-]{subsection.4.4.2}{Critique de l'efficience informationnelle}{section.4.4}% 34
\BOOKMARK [2][-]{subsection.4.4.3}{Trois courants d'analyse}{section.4.4}% 35
\BOOKMARK [1][-]{section.4.5}{Agences de notation}{chapter.4}% 36
\BOOKMARK [2][-]{subsection.4.5.1}{D\351finitions et exemples, un oligopole am\351ricain}{section.4.5}% 37
\BOOKMARK [2][-]{subsection.4.5.2}{Une critique du syst\350me actuel}{section.4.5}% 38
\BOOKMARK [0][-]{chapter.5}{La dette publique, l'exemple europ\351en}{}% 39
\BOOKMARK [1][-]{subsection.5.0.1}{Comment l'\311tat emprunte-t-il?}{chapter.5}% 40
\BOOKMARK [2][-]{subsection.5.0.2}{Les dettes publiques europ\351ennes}{subsection.5.0.1}% 41
\BOOKMARK [2][-]{subsection.5.0.3}{Taux d'int\351r\352ts}{subsection.5.0.1}% 42
\BOOKMARK [0][-]{chapter.6}{Libre \351change et protectionnisme}{}% 43
\BOOKMARK [1][-]{section.6.1}{Th\351orie des \351changes internationaux}{chapter.6}% 44
\BOOKMARK [2][-]{subsection.6.1.1}{Interrogation sur la th\351orie des \351changes internationaux}{section.6.1}% 45
\BOOKMARK [1][-]{section.6.2}{Les gagnants et les perdants de la mondialisation}{chapter.6}% 46
\BOOKMARK [2][-]{subsection.6.2.1}{Un processus continu}{section.6.2}% 47
\BOOKMARK [2][-]{subsection.6.2.2}{Bienfaits de la mondialisation}{section.6.2}% 48
\BOOKMARK [2][-]{subsection.6.2.3}{Gagnants et perdants}{section.6.2}% 49
